DFW status and trace log : Thu Sep 20 15:18:54 2012

15:18:54.210 ERROR: no id specified
  SevError(2) : programcontext.cpp : 5450
15:18:54.260 ERROR: target definition defaultTarget has not been created
  Protocol Component : SevError(2) : targetdefinitionmanager.cpp : 5122
DFW status and trace log : Thu Sep 20 15:24:46 2012

15:24:46.455 ERROR: Node 'TargetDefns' does not have a child name 'VxWorks6x_10.13.51.2': StdStructContainerInfoNode1::evalNodeChild
  Protocol Component : SevError(2) : infonodehelper.hpp : 1645
15:24:46.455 ERROR: Node 'TargetDefns' does not have a child name 'VxWorks6x_10.13.51.2'
  Protocol Component : SevError(2) : infonodehelper.hpp : 1645
15:24:46.486 ERROR: no id specified
  SevError(2) : programcontext.cpp : 5450
15:24:46.609 ERROR: no id specified
  SevError(2) : programcontext.cpp : 5450
15:24:46.609 ERROR: no id specified
  SevError(2) : programcontext.cpp : 5450
15:24:46.976 ERROR: Invalid core (CPU) id
  SevError(2) : tccoreinfo.cpp : 849
15:24:47.150 ERROR: Unsupported function call: TargetPluginAPI::GetTraceInfo
  SevError(2) : tccallwrappers.cpp : 4532
15:24:48.419 WARNING: No register with name 'FPRegisterAccess' exists: TOSComponent::PopulateRegisterData
  SevWarning(1) : scregaccess.cpp : 3695
15:24:48.419 WARNING: No register with name 'FPRegisterAccess' exists: TOSComponent::PopulateRegisterData
  SevWarning(1) : scregaccess.cpp : 3695
15:24:48.419 WARNING: No register with name 'FPRegisterAccess' exists
  SevWarning(1) : scregaccess.cpp : 3695
15:24:48.430 ERROR: Internal Error: Target connected notice when not connecting
  SevInternalError(4) : contextstatemanagerimpl.cpp : 535
15:24:48.460 ERROR: Property not found: ModuleOSManaged
  Tos Component : SevError(2) : tosobject.cpp : 2488
15:24:49.194 ERROR: Property not found: IsModulesSynched
  Module Component : SevError(2) : modulecomponent.cpp : 280
15:24:49.711 WARNING: Object file has minimal debug information: /tmpout/FRC_FPGA.out
  SevWarning(1) : symbolmanager.cpp : 171
15:24:49.733 WARNING: Object file has minimal debug information: /tmpout/NiFpga.out
  SevWarning(1) : symbolmanager.cpp : 171
15:24:49.745 WARNING: Object file has minimal debug information: /tmpout/niserial.out
  SevWarning(1) : symbolmanager.cpp : 171
15:24:49.795 WARNING: Object file has minimal debug information: /tmpout/nivision.out
  SevWarning(1) : symbolmanager.cpp : 171
15:24:49.834 WARNING: Object file has minimal debug information: /tmpout/nivissvc.out
  SevWarning(1) : symbolmanager.cpp : 171
15:24:49.849 WARNING: Object file has minimal debug information: /tmpout/nisysrpc.out
  SevWarning(1) : symbolmanager.cpp : 171
15:24:49.863 WARNING: Object file has minimal debug information: /tmpout/niDiscSvc.out
  SevWarning(1) : symbolmanager.cpp : 171
15:24:50.415 WARNING: Object file has minimal debug information: /tmpout/lvrt.out
  SevWarning(1) : symbolmanager.cpp : 171
15:24:50.433 WARNING: Object file has minimal debug information: /tmpout/target.out
  SevWarning(1) : symbolmanager.cpp : 171
15:24:50.480 WARNING: Object file has minimal debug information: /tmpout/vx_exec.out
  SevWarning(1) : symbolmanager.cpp : 171
15:24:50.492 WARNING: Object file has minimal debug information: /tmpout/NiFpgaLv.out
  SevWarning(1) : symbolmanager.cpp : 171
15:24:50.508 WARNING: Object file has minimal debug information: /tmpout/NiViSv32.out
  SevWarning(1) : symbolmanager.cpp : 171
15:24:50.529 WARNING: Object file has minimal debug information: /tmpout/NiRioSrv.out
  SevWarning(1) : symbolmanager.cpp : 171
15:24:50.545 WARNING: Object file has minimal debug information: /tmpout/ni_emb.out
  SevWarning(1) : symbolmanager.cpp : 171
15:24:50.569 WARNING: Object file has minimal debug information: /tmpout/FRC_NetworkCommunication.out
  SevWarning(1) : symbolmanager.cpp : 171
15:24:50.586 WARNING: Object file has minimal debug information: /tmpout/visa32.out
  SevWarning(1) : symbolmanager.cpp : 171
15:24:50.597 WARNING: Object file has minimal debug information: /tmpout/nisvcloc.out
  SevWarning(1) : symbolmanager.cpp : 171
15:24:50.619 WARNING: Object file has minimal debug information: /tmpout/nirpcs.out
  SevWarning(1) : symbolmanager.cpp : 171
15:24:50.635 WARNING: Object file has minimal debug information: /tmpout/niCPULib.out
  SevWarning(1) : symbolmanager.cpp : 171
15:24:50.646 WARNING: Object file has minimal debug information: /tmpout/nirtdm.out
  SevWarning(1) : symbolmanager.cpp : 171
15:24:50.671 WARNING: Object file has minimal debug information: /tmpout/nisysapi.out
  SevWarning(1) : symbolmanager.cpp : 171
15:24:50.682 WARNING: Object file has minimal debug information: /tmpout/debug.o
  SevWarning(1) : symbolmanager.cpp : 171
15:24:50.695 WARNING: Object file has minimal debug information: /tmpout/tsengine.out
  SevWarning(1) : symbolmanager.cpp : 171
15:24:50.711 WARNING: Object file has minimal debug information: /tmpout/libexpat.out
  SevWarning(1) : symbolmanager.cpp : 171
15:24:50.725 WARNING: Object file has minimal debug information: /tmpout/nimdnsResponder.out
  SevWarning(1) : symbolmanager.cpp : 171
15:24:50.740 WARNING: Object file has minimal debug information: /tmpout/FRC_2CANPlugIn.out
  SevWarning(1) : symbolmanager.cpp : 171
15:24:50.753 WARNING: Object file has minimal debug information: /tmpout/NiRioRpc.out
  SevWarning(1) : symbolmanager.cpp : 171
15:24:50.763 WARNING: Object file has minimal debug information: /tmpout/niriomtk.out
  SevWarning(1) : symbolmanager.cpp : 171
15:24:50.776 WARNING: Object file has minimal debug information: /tmpout/nipci.out
  SevWarning(1) : symbolmanager.cpp : 171
15:24:50.786 WARNING: Object file has minimal debug information: /tmpout/ftpserve.out
  SevWarning(1) : symbolmanager.cpp : 171
15:24:50.799 WARNING: Object file has minimal debug information: /tmpout/NetConsole.out
  SevWarning(1) : symbolmanager.cpp : 171
15:24:50.812 WARNING: Object file has minimal debug information: /tmpout/ts_rtc.out
  SevWarning(1) : symbolmanager.cpp : 171
15:24:50.824 WARNING: Object file has minimal debug information: /tmpout/libiconv.out
  SevWarning(1) : symbolmanager.cpp : 171
15:24:50.836 WARNING: Object file has minimal debug information: /tmpout/vxfpsup.out
  SevWarning(1) : symbolmanager.cpp : 171
15:25:17.436 ERROR: Target not connected
  SevError(2) : torwtxCommon.cpp : 1057
15:25:20.695 WARNING: Object file has minimal debug information: /tmpout/nisysrpc.out
  SevWarning(1) : symbolmanager.cpp : 171
15:25:20.707 WARNING: Object file has minimal debug information: /tmpout/niDiscSvc.out
  SevWarning(1) : symbolmanager.cpp : 171
15:25:21.219 WARNING: Object file has minimal debug information: /tmpout/lvrt.out
  SevWarning(1) : symbolmanager.cpp : 171
15:25:21.236 WARNING: Object file has minimal debug information: /tmpout/target.out
  SevWarning(1) : symbolmanager.cpp : 171
15:25:21.275 WARNING: Object file has minimal debug information: /tmpout/vx_exec.out
  SevWarning(1) : symbolmanager.cpp : 171
15:25:21.404 WARNING: Object file has minimal debug information: /tmpout/NiRioSrv.out
  SevWarning(1) : symbolmanager.cpp : 171
15:25:21.418 WARNING: Object file has minimal debug information: /tmpout/ni_emb.out
  SevWarning(1) : symbolmanager.cpp : 171
15:25:21.452 WARNING: Object file has minimal debug information: /tmpout/nivissvc.out
  SevWarning(1) : symbolmanager.cpp : 171
15:25:21.462 WARNING: Object file has minimal debug information: /tmpout/nisvcloc.out
  SevWarning(1) : symbolmanager.cpp : 171
15:25:21.476 WARNING: Object file has minimal debug information: /tmpout/nirpcs.out
  SevWarning(1) : symbolmanager.cpp : 171
15:25:21.487 WARNING: Object file has minimal debug information: /tmpout/niCPULib.out
  SevWarning(1) : symbolmanager.cpp : 171
15:25:21.497 WARNING: Object file has minimal debug information: /tmpout/nirtdm.out
  SevWarning(1) : symbolmanager.cpp : 171
15:25:21.515 WARNING: Object file has minimal debug information: /tmpout/nisysapi.out
  SevWarning(1) : symbolmanager.cpp : 171
15:25:21.522 WARNING: Object file has minimal debug information: /tmpout/debug.o
  SevWarning(1) : symbolmanager.cpp : 171
15:25:21.535 WARNING: Object file has minimal debug information: /tmpout/tsengine.out
  SevWarning(1) : symbolmanager.cpp : 171
15:25:21.559 WARNING: Object file has minimal debug information: /tmpout/libexpat.out
  SevWarning(1) : symbolmanager.cpp : 171
15:25:21.578 WARNING: Object file has minimal debug information: /tmpout/nimdnsResponder.out
  SevWarning(1) : symbolmanager.cpp : 171
15:25:21.601 WARNING: Object file has minimal debug information: /tmpout/NiRioRpc.out
  SevWarning(1) : symbolmanager.cpp : 171
15:25:21.609 WARNING: Object file has minimal debug information: /tmpout/niriomtk.out
  SevWarning(1) : symbolmanager.cpp : 171
15:25:21.618 WARNING: Object file has minimal debug information: /tmpout/nipci.out
  SevWarning(1) : symbolmanager.cpp : 171
15:25:21.626 WARNING: Object file has minimal debug information: /tmpout/ftpserve.out
  SevWarning(1) : symbolmanager.cpp : 171
15:25:21.635 WARNING: Object file has minimal debug information: /tmpout/NetConsole.out
  SevWarning(1) : symbolmanager.cpp : 171
15:25:21.643 WARNING: Object file has minimal debug information: /tmpout/ts_rtc.out
  SevWarning(1) : symbolmanager.cpp : 171
15:25:21.651 WARNING: Object file has minimal debug information: /tmpout/libiconv.out
  SevWarning(1) : symbolmanager.cpp : 171
15:25:21.661 WARNING: Object file has minimal debug information: /tmpout/vxfpsup.out
  SevWarning(1) : symbolmanager.cpp : 171
15:25:22.585 WARNING: Object file has minimal debug information: /tmpout/nivision.out
  SevWarning(1) : symbolmanager.cpp : 171
15:25:22.649 WARNING: Object file has minimal debug information: /tmpout/NiViSv32.out
  SevWarning(1) : symbolmanager.cpp : 171
15:25:22.703 WARNING: Object file has minimal debug information: /tmpout/visa32.out
  SevWarning(1) : symbolmanager.cpp : 171
15:25:22.909 WARNING: Object file has minimal debug information: /tmpout/niserial.out
  SevWarning(1) : symbolmanager.cpp : 171
15:25:23.046 WARNING: Object file has minimal debug information: /tmpout/NiFpga.out
  SevWarning(1) : symbolmanager.cpp : 171
15:25:23.087 WARNING: Object file has minimal debug information: /tmpout/NiFpgaLv.out
  SevWarning(1) : symbolmanager.cpp : 171
15:25:26.350 WARNING: Object file has minimal debug information: /tmpout/FRC_FPGA.out
  SevWarning(1) : symbolmanager.cpp : 171
15:25:26.509 WARNING: Object file has minimal debug information: /tmpout/FRC_NetworkCommunication.out
  SevWarning(1) : symbolmanager.cpp : 171
15:25:32.505 WARNING: Object file has minimal debug information: /tmpout/FRC_2CANPlugIn.out
  SevWarning(1) : symbolmanager.cpp : 171
15:26:13.156 ERROR: Disconnect in progress
  SevError(2) : scruncontrol.cpp : 869
15:26:13.172 ERROR: The program context is marked as deleted
  SevError(2) : scruncontrol.cpp : 865
15:26:13.173 ERROR: Program context has no Core defined
  SevError(2) : targetcomponent.cpp : 2901
15:26:13.173 ERROR: Program context is undefined
  SevError(2) : targetcomponent.cpp : 4534
15:26:13.173 ERROR: Program context has no Core defined
  SevError(2) : tccoreinfo.cpp : 508
15:26:13.173 ERROR: Program context has no Core defined
  SevError(2) : tccoreinfo.cpp : 416
15:26:13.173 ERROR: Program context has no Core defined
  SevError(2) : targetcomponent.cpp : 1033
15:26:13.176 ERROR: Target not connected: TargetComponent::CheckInitAndConnect
  SevError(2) : targetcomponent.cpp : 2813
15:26:13.176 ERROR: Target not connected
  SevError(2) : targetcomponent.cpp : 2813
15:26:13.188 ERROR: no id specified
  SevError(2) : programcontext.cpp : 5450
15:26:13.200 ERROR: Target not connected: TargetComponent::CheckInitAndConnect
  SevError(2) : targetcomponent.cpp : 2813
15:26:13.200 ERROR: Target not connected
  SevError(2) : targetcomponent.cpp : 2813
15:26:13.202 ERROR: no id specified
  SevError(2) : programcontext.cpp : 5450
15:26:15.739 ERROR: Socket Error. API: recv, SessionId: 836, ReturnCode:  [SystemErrorCode=10054]: SocketHandler::Read
  Protocol Component : SevError(2) : sockethandler.cpp : 102
15:26:15.739 ERROR: Socket Error. API: recv, SessionId: 836, ReturnCode:  [SystemErrorCode=10054]
  Protocol Component : SevError(2) : sockethandler.cpp : 102
15:26:15.740 ERROR: target definition defaultTarget has not been created
  Protocol Component : SevError(2) : targetdefinitionmanager.cpp : 5122
15:26:15.740 ERROR: target definition VxWorks6x_10.13.51.2 has not been created
  Protocol Component : SevError(2) : targetdefinitionmanager.cpp : 5122
15:26:15.740 Operation succeeded: ShutdownServer
  Reason: ERRNone  Severity: ERRSuccessful15:26:15.740 ERROR: target definition defaultTarget has not been created
  Protocol Component : SevError(2) : targetdefinitionmanager.cpp : 5122
15:26:15.740 ERROR: target definition VxWorks6x_10.13.51.2 has not been created
  Protocol Component : SevError(2) : targetdefinitionmanager.cpp : 5122
