DFW status and trace log : Thu Sep 20 15:28:29 2012

15:28:29.859 ERROR: no id specified
  SevError(2) : programcontext.cpp : 5450
15:28:29.898 ERROR: target definition defaultTarget has not been created
  Protocol Component : SevError(2) : targetdefinitionmanager.cpp : 5122
DFW status and trace log : Thu Sep 20 15:28:45 2012

15:28:45.621 ERROR: Node 'TargetDefns' does not have a child name 'VxWorks6x_10.13.51.2': StdStructContainerInfoNode1::evalNodeChild
  Protocol Component : SevError(2) : infonodehelper.hpp : 1645
15:28:45.621 ERROR: Node 'TargetDefns' does not have a child name 'VxWorks6x_10.13.51.2'
  Protocol Component : SevError(2) : infonodehelper.hpp : 1645
15:28:45.632 ERROR: no id specified
  SevError(2) : programcontext.cpp : 5450
15:28:45.759 ERROR: no id specified
  SevError(2) : programcontext.cpp : 5450
15:28:45.759 ERROR: no id specified
  SevError(2) : programcontext.cpp : 5450
15:28:45.804 ERROR: Invalid core (CPU) id
  SevError(2) : tccoreinfo.cpp : 849
15:28:45.917 ERROR: Unsupported function call: TargetPluginAPI::GetTraceInfo
  SevError(2) : tccallwrappers.cpp : 4532
15:28:46.257 WARNING: No register with name 'FPRegisterAccess' exists: TOSComponent::PopulateRegisterData
  SevWarning(1) : scregaccess.cpp : 3695
15:28:46.257 WARNING: No register with name 'FPRegisterAccess' exists: TOSComponent::PopulateRegisterData
  SevWarning(1) : scregaccess.cpp : 3695
15:28:46.257 WARNING: No register with name 'FPRegisterAccess' exists
  SevWarning(1) : scregaccess.cpp : 3695
15:28:46.269 ERROR: Internal Error: Target connected notice when not connecting
  SevInternalError(4) : contextstatemanagerimpl.cpp : 535
15:28:46.302 ERROR: Property not found: ModuleOSManaged
  Tos Component : SevError(2) : tosobject.cpp : 2488
15:28:47.251 ERROR: Property not found: IsModulesSynched
  Module Component : SevError(2) : modulecomponent.cpp : 280
15:28:47.763 WARNING: Object file has minimal debug information: /tmpout/FRC_FPGA.out
  SevWarning(1) : symbolmanager.cpp : 171
15:28:47.782 WARNING: Object file has minimal debug information: /tmpout/NiFpga.out
  SevWarning(1) : symbolmanager.cpp : 171
15:28:47.791 WARNING: Object file has minimal debug information: /tmpout/niserial.out
  SevWarning(1) : symbolmanager.cpp : 171
15:28:47.846 WARNING: Object file has minimal debug information: /tmpout/nivision.out
  SevWarning(1) : symbolmanager.cpp : 171
15:28:47.886 WARNING: Object file has minimal debug information: /tmpout/nivissvc.out
  SevWarning(1) : symbolmanager.cpp : 171
15:28:47.898 WARNING: Object file has minimal debug information: /tmpout/nisysrpc.out
  SevWarning(1) : symbolmanager.cpp : 171
15:28:47.911 WARNING: Object file has minimal debug information: /tmpout/niDiscSvc.out
  SevWarning(1) : symbolmanager.cpp : 171
15:28:48.449 WARNING: Object file has minimal debug information: /tmpout/lvrt.out
  SevWarning(1) : symbolmanager.cpp : 171
15:28:48.466 WARNING: Object file has minimal debug information: /tmpout/target.out
  SevWarning(1) : symbolmanager.cpp : 171
15:28:48.512 WARNING: Object file has minimal debug information: /tmpout/vx_exec.out
  SevWarning(1) : symbolmanager.cpp : 171
15:28:48.523 WARNING: Object file has minimal debug information: /tmpout/NiFpgaLv.out
  SevWarning(1) : symbolmanager.cpp : 171
15:28:48.540 WARNING: Object file has minimal debug information: /tmpout/NiViSv32.out
  SevWarning(1) : symbolmanager.cpp : 171
15:28:48.561 WARNING: Object file has minimal debug information: /tmpout/NiRioSrv.out
  SevWarning(1) : symbolmanager.cpp : 171
15:28:48.574 WARNING: Object file has minimal debug information: /tmpout/ni_emb.out
  SevWarning(1) : symbolmanager.cpp : 171
15:28:48.595 WARNING: Object file has minimal debug information: /tmpout/FRC_NetworkCommunication.out
  SevWarning(1) : symbolmanager.cpp : 171
15:28:48.611 WARNING: Object file has minimal debug information: /tmpout/visa32.out
  SevWarning(1) : symbolmanager.cpp : 171
15:28:48.620 WARNING: Object file has minimal debug information: /tmpout/nisvcloc.out
  SevWarning(1) : symbolmanager.cpp : 171
15:28:48.635 WARNING: Object file has minimal debug information: /tmpout/nirpcs.out
  SevWarning(1) : symbolmanager.cpp : 171
15:28:48.647 WARNING: Object file has minimal debug information: /tmpout/niCPULib.out
  SevWarning(1) : symbolmanager.cpp : 171
15:28:48.658 WARNING: Object file has minimal debug information: /tmpout/nirtdm.out
  SevWarning(1) : symbolmanager.cpp : 171
15:28:48.677 WARNING: Object file has minimal debug information: /tmpout/nisysapi.out
  SevWarning(1) : symbolmanager.cpp : 171
15:28:48.685 WARNING: Object file has minimal debug information: /tmpout/debug.o
  SevWarning(1) : symbolmanager.cpp : 171
15:28:48.696 WARNING: Object file has minimal debug information: /tmpout/tsengine.out
  SevWarning(1) : symbolmanager.cpp : 171
15:28:48.708 WARNING: Object file has minimal debug information: /tmpout/libexpat.out
  SevWarning(1) : symbolmanager.cpp : 171
15:28:48.722 WARNING: Object file has minimal debug information: /tmpout/nimdnsResponder.out
  SevWarning(1) : symbolmanager.cpp : 171
15:28:48.736 WARNING: Object file has minimal debug information: /tmpout/FRC_2CANPlugIn.out
  SevWarning(1) : symbolmanager.cpp : 171
15:28:48.747 WARNING: Object file has minimal debug information: /tmpout/NiRioRpc.out
  SevWarning(1) : symbolmanager.cpp : 171
15:28:48.759 WARNING: Object file has minimal debug information: /tmpout/niriomtk.out
  SevWarning(1) : symbolmanager.cpp : 171
15:28:48.770 WARNING: Object file has minimal debug information: /tmpout/nipci.out
  SevWarning(1) : symbolmanager.cpp : 171
15:28:48.781 WARNING: Object file has minimal debug information: /tmpout/ftpserve.out
  SevWarning(1) : symbolmanager.cpp : 171
15:28:48.791 WARNING: Object file has minimal debug information: /tmpout/NetConsole.out
  SevWarning(1) : symbolmanager.cpp : 171
15:28:48.799 WARNING: Object file has minimal debug information: /tmpout/ts_rtc.out
  SevWarning(1) : symbolmanager.cpp : 171
15:28:48.808 WARNING: Object file has minimal debug information: /tmpout/libiconv.out
  SevWarning(1) : symbolmanager.cpp : 171
15:28:48.818 WARNING: Object file has minimal debug information: /tmpout/vxfpsup.out
  SevWarning(1) : symbolmanager.cpp : 171
15:29:28.672 ERROR: Target not connected
  SevError(2) : torwtxCommon.cpp : 1057
15:29:32.533 WARNING: Object file has minimal debug information: /tmpout/nisysrpc.out
  SevWarning(1) : symbolmanager.cpp : 171
15:29:32.550 WARNING: Object file has minimal debug information: /tmpout/niDiscSvc.out
  SevWarning(1) : symbolmanager.cpp : 171
15:29:32.585 WARNING: Object file has minimal debug information: /tmpout/nivissvc.out
  SevWarning(1) : symbolmanager.cpp : 171
15:29:33.276 WARNING: Object file has minimal debug information: /tmpout/lvrt.out
  SevWarning(1) : symbolmanager.cpp : 171
15:29:33.409 WARNING: Object file has minimal debug information: /tmpout/target.out
  SevWarning(1) : symbolmanager.cpp : 171
15:29:33.446 WARNING: Object file has minimal debug information: /tmpout/vx_exec.out
  SevWarning(1) : symbolmanager.cpp : 171
15:29:33.468 WARNING: Object file has minimal debug information: /tmpout/NiRioSrv.out
  SevWarning(1) : symbolmanager.cpp : 171
15:29:33.479 WARNING: Object file has minimal debug information: /tmpout/ni_emb.out
  SevWarning(1) : symbolmanager.cpp : 171
15:29:33.487 WARNING: Object file has minimal debug information: /tmpout/nisvcloc.out
  SevWarning(1) : symbolmanager.cpp : 171
15:29:33.501 WARNING: Object file has minimal debug information: /tmpout/nirpcs.out
  SevWarning(1) : symbolmanager.cpp : 171
15:29:33.512 WARNING: Object file has minimal debug information: /tmpout/niCPULib.out
  SevWarning(1) : symbolmanager.cpp : 171
15:29:33.522 WARNING: Object file has minimal debug information: /tmpout/nirtdm.out
  SevWarning(1) : symbolmanager.cpp : 171
15:29:33.541 WARNING: Object file has minimal debug information: /tmpout/nisysapi.out
  SevWarning(1) : symbolmanager.cpp : 171
15:29:33.548 WARNING: Object file has minimal debug information: /tmpout/debug.o
  SevWarning(1) : symbolmanager.cpp : 171
15:29:33.558 WARNING: Object file has minimal debug information: /tmpout/tsengine.out
  SevWarning(1) : symbolmanager.cpp : 171
15:29:33.570 WARNING: Object file has minimal debug information: /tmpout/libexpat.out
  SevWarning(1) : symbolmanager.cpp : 171
15:29:33.581 WARNING: Object file has minimal debug information: /tmpout/nimdnsResponder.out
  SevWarning(1) : symbolmanager.cpp : 171
15:29:33.593 WARNING: Object file has minimal debug information: /tmpout/NiRioRpc.out
  SevWarning(1) : symbolmanager.cpp : 171
15:29:33.600 WARNING: Object file has minimal debug information: /tmpout/niriomtk.out
  SevWarning(1) : symbolmanager.cpp : 171
15:29:33.607 WARNING: Object file has minimal debug information: /tmpout/nipci.out
  SevWarning(1) : symbolmanager.cpp : 171
15:29:33.615 WARNING: Object file has minimal debug information: /tmpout/ftpserve.out
  SevWarning(1) : symbolmanager.cpp : 171
15:29:33.624 WARNING: Object file has minimal debug information: /tmpout/NetConsole.out
  SevWarning(1) : symbolmanager.cpp : 171
15:29:33.631 WARNING: Object file has minimal debug information: /tmpout/ts_rtc.out
  SevWarning(1) : symbolmanager.cpp : 171
15:29:33.638 WARNING: Object file has minimal debug information: /tmpout/libiconv.out
  SevWarning(1) : symbolmanager.cpp : 171
15:29:33.646 WARNING: Object file has minimal debug information: /tmpout/vxfpsup.out
  SevWarning(1) : symbolmanager.cpp : 171
15:29:34.399 WARNING: Object file has minimal debug information: /tmpout/nivision.out
  SevWarning(1) : symbolmanager.cpp : 171
15:29:34.477 WARNING: Object file has minimal debug information: /tmpout/NiViSv32.out
  SevWarning(1) : symbolmanager.cpp : 171
15:29:34.522 WARNING: Object file has minimal debug information: /tmpout/visa32.out
  SevWarning(1) : symbolmanager.cpp : 171
15:29:34.690 WARNING: Object file has minimal debug information: /tmpout/niserial.out
  SevWarning(1) : symbolmanager.cpp : 171
15:29:34.841 WARNING: Object file has minimal debug information: /tmpout/NiFpga.out
  SevWarning(1) : symbolmanager.cpp : 171
15:29:34.887 WARNING: Object file has minimal debug information: /tmpout/NiFpgaLv.out
  SevWarning(1) : symbolmanager.cpp : 171
15:29:41.443 WARNING: Object file has minimal debug information: /tmpout/FRC_FPGA.out
  SevWarning(1) : symbolmanager.cpp : 171
15:29:41.604 WARNING: Object file has minimal debug information: /tmpout/FRC_NetworkCommunication.out
  SevWarning(1) : symbolmanager.cpp : 171
15:29:47.534 WARNING: Object file has minimal debug information: /tmpout/FRC_2CANPlugIn.out
  SevWarning(1) : symbolmanager.cpp : 171
15:29:50.917 ERROR: Object Id does not match ObjectType: expected=KernelTask, actual=UnknownType
  SevError(2) : vxWorksPluginObjectQueryLib.cpp : 3704
15:33:29.202 ERROR: Disconnect in progress
  SevError(2) : scruncontrol.cpp : 869
15:33:29.217 ERROR: The program context is marked as deleted
  SevError(2) : scruncontrol.cpp : 865
15:33:29.218 ERROR: Program context has no Core defined
  SevError(2) : targetcomponent.cpp : 2901
15:33:29.218 ERROR: Program context is undefined
  SevError(2) : targetcomponent.cpp : 4534
15:33:29.218 ERROR: Program context has no Core defined
  SevError(2) : tccoreinfo.cpp : 508
15:33:29.218 ERROR: Program context has no Core defined
  SevError(2) : tccoreinfo.cpp : 416
15:33:29.218 ERROR: Program context has no Core defined
  SevError(2) : targetcomponent.cpp : 1033
15:33:29.221 ERROR: Target not connected: TargetComponent::CheckInitAndConnect
  SevError(2) : targetcomponent.cpp : 2813
15:33:29.221 ERROR: Target not connected
  SevError(2) : targetcomponent.cpp : 2813
15:33:29.232 ERROR: no id specified
  SevError(2) : programcontext.cpp : 5450
15:33:29.244 ERROR: Target not connected: TargetComponent::CheckInitAndConnect
  SevError(2) : targetcomponent.cpp : 2813
15:33:29.244 ERROR: Target not connected
  SevError(2) : targetcomponent.cpp : 2813
15:33:29.246 ERROR: no id specified
  SevError(2) : programcontext.cpp : 5450
15:33:31.651 ERROR: Socket Error. API: recv, SessionId: 836, ReturnCode:  [SystemErrorCode=10054]: SocketHandler::Read
  Protocol Component : SevError(2) : sockethandler.cpp : 102
15:33:31.652 ERROR: Socket Error. API: recv, SessionId: 836, ReturnCode:  [SystemErrorCode=10054]
  Protocol Component : SevError(2) : sockethandler.cpp : 102
15:33:31.652 ERROR: target definition defaultTarget has not been created
  Protocol Component : SevError(2) : targetdefinitionmanager.cpp : 5122
15:33:31.652 ERROR: target definition VxWorks6x_10.13.51.2 has not been created
  Protocol Component : SevError(2) : targetdefinitionmanager.cpp : 5122
15:33:31.653 Operation succeeded: ShutdownServer
  Reason: ERRNone  Severity: ERRSuccessful15:33:31.653 ERROR: target definition defaultTarget has not been created
  Protocol Component : SevError(2) : targetdefinitionmanager.cpp : 5122
15:33:31.653 ERROR: target definition VxWorks6x_10.13.51.2 has not been created
  Protocol Component : SevError(2) : targetdefinitionmanager.cpp : 5122
